 02:20:53.748 [scouter.server.http.HttpServer]  INFO  org.eclipse.jetty.util.log[192] - Logging initialized @1553ms to org.eclipse.jetty.util.log.Slf4jLog
 02:20:53.867 [scouter.server.http.HttpServer]  INFO  org.eclipse.jetty.server.Server[372] - jetty-9.4.6.v20170531
 02:20:53.901 [scouter.server.http.HttpServer]  INFO  o.e.j.server.AbstractNCSARequestLog[230] - Opened /opt/SCOUTER/scouter/server/logs/http-request-2024_03_08.log
 02:20:53.919 [scouter.server.http.HttpServer]  INFO  org.eclipse.jetty.server.session[364] - DefaultSessionIdManager workerName=node0
 02:20:53.919 [scouter.server.http.HttpServer]  INFO  org.eclipse.jetty.server.session[369] - No SessionScavenger set, using defaults
 02:20:53.922 [scouter.server.http.HttpServer]  INFO  org.eclipse.jetty.server.session[149] - Scavenging every 660000ms
 02:20:53.926 [scouter.server.http.HttpServer]  INFO  o.e.j.server.handler.ContextHandler[788] - Started o.e.j.s.ServletContextHandler@4f2923b2{/,null,AVAILABLE}
 02:20:53.939 [scouter.server.http.HttpServer]  INFO  o.e.jetty.server.AbstractConnector[280] - Started ServerConnector@593c7a25{HTTP/1.1,[http/1.1]}{0.0.0.0:6180}
 02:20:53.939 [scouter.server.http.HttpServer]  INFO  org.eclipse.jetty.server.Server[444] - Started @1751ms
 03:34:30.733 [scouter.server.http.HttpServer]  INFO  org.eclipse.jetty.util.log[192] - Logging initialized @1437ms to org.eclipse.jetty.util.log.Slf4jLog
 03:34:30.831 [scouter.server.http.HttpServer]  INFO  org.eclipse.jetty.server.Server[372] - jetty-9.4.6.v20170531
 03:34:30.857 [scouter.server.http.HttpServer]  INFO  o.e.j.server.AbstractNCSARequestLog[230] - Opened /opt/SCOUTER/scouter/server/logs/http-request-2024_03_08.log
 03:34:30.872 [scouter.server.http.HttpServer]  INFO  org.eclipse.jetty.server.session[364] - DefaultSessionIdManager workerName=node0
 03:34:30.873 [scouter.server.http.HttpServer]  INFO  org.eclipse.jetty.server.session[369] - No SessionScavenger set, using defaults
 03:34:30.875 [scouter.server.http.HttpServer]  INFO  org.eclipse.jetty.server.session[149] - Scavenging every 600000ms
 03:34:30.879 [scouter.server.http.HttpServer]  INFO  o.e.j.server.handler.ContextHandler[788] - Started o.e.j.s.ServletContextHandler@5c53832e{/,null,AVAILABLE}
 03:34:30.893 [scouter.server.http.HttpServer]  INFO  o.e.jetty.server.AbstractConnector[280] - Started ServerConnector@5c2b7f{HTTP/1.1,[http/1.1]}{0.0.0.0:6180}
 03:34:30.894 [scouter.server.http.HttpServer]  INFO  org.eclipse.jetty.server.Server[444] - Started @1601ms
 03:48:36.909 [scouter.server.http.HttpServer]  INFO  org.eclipse.jetty.util.log[192] - Logging initialized @1393ms to org.eclipse.jetty.util.log.Slf4jLog
 03:48:36.999 [scouter.server.http.HttpServer]  INFO  org.eclipse.jetty.server.Server[372] - jetty-9.4.6.v20170531
 03:48:37.025 [scouter.server.http.HttpServer]  INFO  o.e.j.server.AbstractNCSARequestLog[230] - Opened /opt/SCOUTER/scouter/server/logs/http-request-2024_03_08.log
 03:48:37.039 [scouter.server.http.HttpServer]  INFO  org.eclipse.jetty.server.session[364] - DefaultSessionIdManager workerName=node0
 03:48:37.040 [scouter.server.http.HttpServer]  INFO  org.eclipse.jetty.server.session[369] - No SessionScavenger set, using defaults
 03:48:37.042 [scouter.server.http.HttpServer]  INFO  org.eclipse.jetty.server.session[149] - Scavenging every 660000ms
 03:48:37.046 [scouter.server.http.HttpServer]  INFO  o.e.j.server.handler.ContextHandler[788] - Started o.e.j.s.ServletContextHandler@2fbabf7a{/,null,AVAILABLE}
 03:48:37.058 [scouter.server.http.HttpServer]  INFO  o.e.jetty.server.AbstractConnector[280] - Started ServerConnector@51fd736f{HTTP/1.1,[http/1.1]}{0.0.0.0:6180}
 03:48:37.058 [scouter.server.http.HttpServer]  INFO  org.eclipse.jetty.server.Server[444] - Started @1545ms
 03:51:55.061 [scouter.server.http.HttpServer]  INFO  org.eclipse.jetty.util.log[192] - Logging initialized @1407ms to org.eclipse.jetty.util.log.Slf4jLog
 03:51:55.155 [scouter.server.http.HttpServer]  INFO  org.eclipse.jetty.server.Server[372] - jetty-9.4.6.v20170531
 03:51:55.190 [scouter.server.http.HttpServer]  INFO  o.e.j.server.AbstractNCSARequestLog[230] - Opened /opt/SCOUTER/scouter/server/logs/http-request-2024_03_08.log
 03:51:55.217 [scouter.server.http.HttpServer]  INFO  org.eclipse.jetty.server.session[364] - DefaultSessionIdManager workerName=node0
 03:51:55.217 [scouter.server.http.HttpServer]  INFO  org.eclipse.jetty.server.session[369] - No SessionScavenger set, using defaults
 03:51:55.220 [scouter.server.http.HttpServer]  INFO  org.eclipse.jetty.server.session[149] - Scavenging every 660000ms
 03:51:55.235 [scouter.server.http.HttpServer]  INFO  o.e.j.server.handler.ContextHandler[788] - Started o.e.j.s.ServletContextHandler@1ce2f00c{/,null,AVAILABLE}
 03:51:55.258 [scouter.server.http.HttpServer]  INFO  o.e.jetty.server.AbstractConnector[280] - Started ServerConnector@483468bc{HTTP/1.1,[http/1.1]}{0.0.0.0:6180}
 03:51:55.258 [scouter.server.http.HttpServer]  INFO  org.eclipse.jetty.server.Server[444] - Started @1608ms
 04:10:32.741 [scouter.server.http.HttpServer]  INFO  org.eclipse.jetty.util.log[192] - Logging initialized @1476ms to org.eclipse.jetty.util.log.Slf4jLog
 04:10:32.838 [scouter.server.http.HttpServer]  INFO  org.eclipse.jetty.server.Server[372] - jetty-9.4.6.v20170531
 04:10:32.862 [scouter.server.http.HttpServer]  INFO  o.e.j.server.AbstractNCSARequestLog[230] - Opened /opt/SCOUTER/scouter/server/logs/http-request-2024_03_08.log
 04:10:32.877 [scouter.server.http.HttpServer]  INFO  org.eclipse.jetty.server.session[364] - DefaultSessionIdManager workerName=node0
 04:10:32.877 [scouter.server.http.HttpServer]  INFO  org.eclipse.jetty.server.session[369] - No SessionScavenger set, using defaults
 04:10:32.883 [scouter.server.http.HttpServer]  INFO  org.eclipse.jetty.server.session[149] - Scavenging every 660000ms
 04:10:32.889 [scouter.server.http.HttpServer]  INFO  o.e.j.server.handler.ContextHandler[788] - Started o.e.j.s.ServletContextHandler@7d2950e1{/,null,AVAILABLE}
 04:10:32.904 [scouter.server.http.HttpServer]  INFO  o.e.jetty.server.AbstractConnector[280] - Started ServerConnector@39f1495e{HTTP/1.1,[http/1.1]}{0.0.0.0:6180}
 04:10:32.905 [scouter.server.http.HttpServer]  INFO  org.eclipse.jetty.server.Server[444] - Started @1641ms
 05:33:23.297 [scouter.server.http.HttpServer]  INFO  org.eclipse.jetty.util.log[192] - Logging initialized @1429ms to org.eclipse.jetty.util.log.Slf4jLog
 05:33:23.394 [scouter.server.http.HttpServer]  INFO  org.eclipse.jetty.server.Server[372] - jetty-9.4.6.v20170531
 05:33:23.421 [scouter.server.http.HttpServer]  INFO  o.e.j.server.AbstractNCSARequestLog[230] - Opened /opt/SCOUTER/scouter/server/logs/http-request-2024_03_08.log
 05:33:23.442 [scouter.server.http.HttpServer]  INFO  org.eclipse.jetty.server.session[364] - DefaultSessionIdManager workerName=node0
 05:33:23.443 [scouter.server.http.HttpServer]  INFO  org.eclipse.jetty.server.session[369] - No SessionScavenger set, using defaults
 05:33:23.445 [scouter.server.http.HttpServer]  INFO  org.eclipse.jetty.server.session[149] - Scavenging every 660000ms
 05:33:23.451 [scouter.server.http.HttpServer]  INFO  o.e.j.server.handler.ContextHandler[788] - Started o.e.j.s.ServletContextHandler@63d4ec5a{/,null,AVAILABLE}
 05:33:23.466 [scouter.server.http.HttpServer]  INFO  o.e.jetty.server.AbstractConnector[280] - Started ServerConnector@7d241050{HTTP/1.1,[http/1.1]}{0.0.0.0:6180}
 05:33:23.466 [scouter.server.http.HttpServer]  INFO  org.eclipse.jetty.server.Server[444] - Started @1601ms
 05:40:25.935 [scouter.server.http.HttpServer]  INFO  org.eclipse.jetty.util.log[192] - Logging initialized @1429ms to org.eclipse.jetty.util.log.Slf4jLog
 05:40:26.068 [scouter.server.http.HttpServer]  INFO  org.eclipse.jetty.server.Server[372] - jetty-9.4.6.v20170531
 05:40:26.107 [scouter.server.http.HttpServer]  INFO  o.e.j.server.AbstractNCSARequestLog[230] - Opened /opt/SCOUTER/scouter/server/logs/http-request-2024_03_08.log
 05:40:26.123 [scouter.server.http.HttpServer]  INFO  org.eclipse.jetty.server.session[364] - DefaultSessionIdManager workerName=node0
 05:40:26.123 [scouter.server.http.HttpServer]  INFO  org.eclipse.jetty.server.session[369] - No SessionScavenger set, using defaults
 05:40:26.126 [scouter.server.http.HttpServer]  INFO  org.eclipse.jetty.server.session[149] - Scavenging every 660000ms
 05:40:26.130 [scouter.server.http.HttpServer]  INFO  o.e.j.server.handler.ContextHandler[788] - Started o.e.j.s.ServletContextHandler@499f5ab1{/,null,AVAILABLE}
 05:40:26.143 [scouter.server.http.HttpServer]  INFO  o.e.jetty.server.AbstractConnector[280] - Started ServerConnector@4f4bb18{HTTP/1.1,[http/1.1]}{0.0.0.0:6180}
 05:40:26.144 [scouter.server.http.HttpServer]  INFO  org.eclipse.jetty.server.Server[444] - Started @1641ms
 06:04:59.515 [scouter.server.http.HttpServer]  INFO  org.eclipse.jetty.util.log[192] - Logging initialized @1506ms to org.eclipse.jetty.util.log.Slf4jLog
 06:04:59.613 [scouter.server.http.HttpServer]  INFO  org.eclipse.jetty.server.Server[372] - jetty-9.4.6.v20170531
 06:04:59.644 [scouter.server.http.HttpServer]  INFO  o.e.j.server.AbstractNCSARequestLog[230] - Opened /opt/SCOUTER/scouter/server/logs/http-request-2024_03_08.log
 06:04:59.659 [scouter.server.http.HttpServer]  INFO  org.eclipse.jetty.server.session[364] - DefaultSessionIdManager workerName=node0
 06:04:59.660 [scouter.server.http.HttpServer]  INFO  org.eclipse.jetty.server.session[369] - No SessionScavenger set, using defaults
 06:04:59.662 [scouter.server.http.HttpServer]  INFO  org.eclipse.jetty.server.session[149] - Scavenging every 600000ms
 06:04:59.666 [scouter.server.http.HttpServer]  INFO  o.e.j.server.handler.ContextHandler[788] - Started o.e.j.s.ServletContextHandler@303949c8{/,null,AVAILABLE}
 06:04:59.680 [scouter.server.http.HttpServer]  INFO  o.e.jetty.server.AbstractConnector[280] - Started ServerConnector@25f9b699{HTTP/1.1,[http/1.1]}{0.0.0.0:6180}
 06:04:59.680 [scouter.server.http.HttpServer]  INFO  org.eclipse.jetty.server.Server[444] - Started @1675ms
 10:00:47.848 [scouter.server.http.HttpServer]  INFO  org.eclipse.jetty.util.log[192] - Logging initialized @1979ms to org.eclipse.jetty.util.log.Slf4jLog
 10:00:47.989 [scouter.server.http.HttpServer]  INFO  org.eclipse.jetty.server.Server[372] - jetty-9.4.6.v20170531
 10:00:48.032 [scouter.server.http.HttpServer]  INFO  o.e.j.server.AbstractNCSARequestLog[230] - Opened /opt/SCOUTER/scouter/server/logs/http-request-2024_03_08.log
 10:00:48.059 [scouter.server.http.HttpServer]  INFO  org.eclipse.jetty.server.session[364] - DefaultSessionIdManager workerName=node0
 10:00:48.059 [scouter.server.http.HttpServer]  INFO  org.eclipse.jetty.server.session[369] - No SessionScavenger set, using defaults
 10:00:48.062 [scouter.server.http.HttpServer]  INFO  org.eclipse.jetty.server.session[149] - Scavenging every 660000ms
 10:00:48.068 [scouter.server.http.HttpServer]  INFO  o.e.j.server.handler.ContextHandler[788] - Started o.e.j.s.ServletContextHandler@4fbce7df{/,null,AVAILABLE}
 10:00:48.092 [scouter.server.http.HttpServer]  INFO  o.e.jetty.server.AbstractConnector[280] - Started ServerConnector@1fbc3654{HTTP/1.1,[http/1.1]}{0.0.0.0:6180}
 10:00:48.093 [scouter.server.http.HttpServer]  INFO  org.eclipse.jetty.server.Server[444] - Started @2227ms
 11:42:00.483 [scouter.server.http.HttpServer]  INFO  org.eclipse.jetty.util.log[192] - Logging initialized @2018ms to org.eclipse.jetty.util.log.Slf4jLog
 11:42:00.639 [scouter.server.http.HttpServer]  INFO  org.eclipse.jetty.server.Server[372] - jetty-9.4.6.v20170531
 11:42:00.675 [scouter.server.http.HttpServer]  INFO  o.e.j.server.AbstractNCSARequestLog[230] - Opened /opt/SCOUTER/scouter/server/logs/http-request-2024_03_08.log
 11:42:00.691 [scouter.server.http.HttpServer]  INFO  org.eclipse.jetty.server.session[364] - DefaultSessionIdManager workerName=node0
 11:42:00.691 [scouter.server.http.HttpServer]  INFO  org.eclipse.jetty.server.session[369] - No SessionScavenger set, using defaults
 11:42:00.694 [scouter.server.http.HttpServer]  INFO  org.eclipse.jetty.server.session[149] - Scavenging every 660000ms
 11:42:00.698 [scouter.server.http.HttpServer]  INFO  o.e.j.server.handler.ContextHandler[788] - Started o.e.j.s.ServletContextHandler@2f6f1f8e{/,null,AVAILABLE}
 11:42:00.722 [scouter.server.http.HttpServer]  INFO  o.e.jetty.server.AbstractConnector[280] - Started ServerConnector@6209eddf{HTTP/1.1,[http/1.1]}{0.0.0.0:6180}
 11:42:00.722 [scouter.server.http.HttpServer]  INFO  org.eclipse.jetty.server.Server[444] - Started @2260ms
 14:23:24.206 [scouter.server.http.HttpServer]  INFO  org.eclipse.jetty.util.log[192] - Logging initialized @1522ms to org.eclipse.jetty.util.log.Slf4jLog
 14:23:24.323 [scouter.server.http.HttpServer]  INFO  org.eclipse.jetty.server.Server[372] - jetty-9.4.6.v20170531
 14:23:24.348 [scouter.server.http.HttpServer]  INFO  o.e.j.server.AbstractNCSARequestLog[230] - Opened /opt/SCOUTER/scouter/server/logs/http-request-2024_03_08.log
 14:23:24.364 [scouter.server.http.HttpServer]  INFO  org.eclipse.jetty.server.session[364] - DefaultSessionIdManager workerName=node0
 14:23:24.365 [scouter.server.http.HttpServer]  INFO  org.eclipse.jetty.server.session[369] - No SessionScavenger set, using defaults
 14:23:24.367 [scouter.server.http.HttpServer]  INFO  org.eclipse.jetty.server.session[149] - Scavenging every 660000ms
 14:23:24.371 [scouter.server.http.HttpServer]  INFO  o.e.j.server.handler.ContextHandler[788] - Started o.e.j.s.ServletContextHandler@22351f08{/,null,AVAILABLE}
 14:23:24.385 [scouter.server.http.HttpServer]  INFO  o.e.jetty.server.AbstractConnector[280] - Started ServerConnector@3505060e{HTTP/1.1,[http/1.1]}{0.0.0.0:6180}
 14:23:24.386 [scouter.server.http.HttpServer]  INFO  org.eclipse.jetty.server.Server[444] - Started @1710ms
 14:42:23.319 [scouter.server.http.HttpServer]  INFO  org.eclipse.jetty.util.log[192] - Logging initialized @1399ms to org.eclipse.jetty.util.log.Slf4jLog
 14:42:23.409 [scouter.server.http.HttpServer]  INFO  org.eclipse.jetty.server.Server[372] - jetty-9.4.6.v20170531
 14:42:23.439 [scouter.server.http.HttpServer]  INFO  o.e.j.server.AbstractNCSARequestLog[230] - Opened /opt/SCOUTER/scouter/server/logs/http-request-2024_03_08.log
 14:42:23.454 [scouter.server.http.HttpServer]  INFO  org.eclipse.jetty.server.session[364] - DefaultSessionIdManager workerName=node0
 14:42:23.454 [scouter.server.http.HttpServer]  INFO  org.eclipse.jetty.server.session[369] - No SessionScavenger set, using defaults
 14:42:23.456 [scouter.server.http.HttpServer]  INFO  org.eclipse.jetty.server.session[149] - Scavenging every 600000ms
 14:42:23.461 [scouter.server.http.HttpServer]  INFO  o.e.j.server.handler.ContextHandler[788] - Started o.e.j.s.ServletContextHandler@102a1053{/,null,AVAILABLE}
 14:42:23.476 [scouter.server.http.HttpServer]  INFO  o.e.jetty.server.AbstractConnector[280] - Started ServerConnector@2dce7927{HTTP/1.1,[http/1.1]}{0.0.0.0:6180}
 14:42:23.477 [scouter.server.http.HttpServer]  INFO  org.eclipse.jetty.server.Server[444] - Started @1560ms
 14:44:16.892 [scouter.server.http.HttpServer]  INFO  org.eclipse.jetty.util.log[192] - Logging initialized @1451ms to org.eclipse.jetty.util.log.Slf4jLog
 14:44:16.977 [scouter.server.http.HttpServer]  INFO  org.eclipse.jetty.server.Server[372] - jetty-9.4.6.v20170531
 14:44:17.006 [scouter.server.http.HttpServer]  INFO  o.e.j.server.AbstractNCSARequestLog[230] - Opened /opt/SCOUTER/scouter/server/logs/http-request-2024_03_08.log
 14:44:17.022 [scouter.server.http.HttpServer]  INFO  org.eclipse.jetty.server.session[364] - DefaultSessionIdManager workerName=node0
 14:44:17.022 [scouter.server.http.HttpServer]  INFO  org.eclipse.jetty.server.session[369] - No SessionScavenger set, using defaults
 14:44:17.024 [scouter.server.http.HttpServer]  INFO  org.eclipse.jetty.server.session[149] - Scavenging every 600000ms
 14:44:17.028 [scouter.server.http.HttpServer]  INFO  o.e.j.server.handler.ContextHandler[788] - Started o.e.j.s.ServletContextHandler@731a4700{/,null,AVAILABLE}
 14:44:17.042 [scouter.server.http.HttpServer]  INFO  o.e.jetty.server.AbstractConnector[280] - Started ServerConnector@7af73187{HTTP/1.1,[http/1.1]}{0.0.0.0:8080}
 14:44:17.042 [scouter.server.http.HttpServer]  INFO  org.eclipse.jetty.server.Server[444] - Started @1603ms
