 04:12:59.233 [scouter.server.http.HttpServer]  INFO  org.eclipse.jetty.util.log[192] - Logging initialized @1512ms to org.eclipse.jetty.util.log.Slf4jLog
 04:12:59.330 [scouter.server.http.HttpServer]  INFO  org.eclipse.jetty.server.Server[372] - jetty-9.4.6.v20170531
 04:12:59.359 [scouter.server.http.HttpServer]  INFO  o.e.j.server.AbstractNCSARequestLog[230] - Opened /opt/SCOUTER/scouter/server/logs/http-request-2024_03_09.log
 04:12:59.375 [scouter.server.http.HttpServer]  INFO  org.eclipse.jetty.server.session[364] - DefaultSessionIdManager workerName=node0
 04:12:59.376 [scouter.server.http.HttpServer]  INFO  org.eclipse.jetty.server.session[369] - No SessionScavenger set, using defaults
 04:12:59.378 [scouter.server.http.HttpServer]  INFO  org.eclipse.jetty.server.session[149] - Scavenging every 600000ms
 04:12:59.383 [scouter.server.http.HttpServer]  INFO  o.e.j.server.handler.ContextHandler[788] - Started o.e.j.s.ServletContextHandler@17fd3906{/,null,AVAILABLE}
 04:12:59.397 [scouter.server.http.HttpServer]  INFO  o.e.jetty.server.AbstractConnector[280] - Started ServerConnector@437ebc2a{HTTP/1.1,[http/1.1]}{0.0.0.0:8080}
 04:12:59.398 [scouter.server.http.HttpServer]  INFO  org.eclipse.jetty.server.Server[444] - Started @1680ms
 07:41:20.605 [scouter.server.http.HttpServer]  INFO  org.eclipse.jetty.util.log[192] - Logging initialized @1497ms to org.eclipse.jetty.util.log.Slf4jLog
 07:41:20.710 [scouter.server.http.HttpServer]  INFO  org.eclipse.jetty.server.Server[372] - jetty-9.4.6.v20170531
 07:41:20.740 [scouter.server.http.HttpServer]  INFO  o.e.j.server.AbstractNCSARequestLog[230] - Opened /opt/SCOUTER/scouter/server/logs/http-request-2024_03_09.log
 07:41:20.757 [scouter.server.http.HttpServer]  INFO  org.eclipse.jetty.server.session[364] - DefaultSessionIdManager workerName=node0
 07:41:20.757 [scouter.server.http.HttpServer]  INFO  org.eclipse.jetty.server.session[369] - No SessionScavenger set, using defaults
 07:41:20.760 [scouter.server.http.HttpServer]  INFO  org.eclipse.jetty.server.session[149] - Scavenging every 660000ms
 07:41:20.765 [scouter.server.http.HttpServer]  INFO  o.e.j.server.handler.ContextHandler[788] - Started o.e.j.s.ServletContextHandler@628fc446{/,null,AVAILABLE}
 07:43:20.889 [scouter.server.http.HttpServer]  INFO  org.eclipse.jetty.util.log[192] - Logging initialized @1576ms to org.eclipse.jetty.util.log.Slf4jLog
 07:43:20.980 [scouter.server.http.HttpServer]  INFO  org.eclipse.jetty.server.Server[372] - jetty-9.4.6.v20170531
 07:43:21.012 [scouter.server.http.HttpServer]  INFO  o.e.j.server.AbstractNCSARequestLog[230] - Opened /opt/SCOUTER/scouter/server/logs/http-request-2024_03_09.log
 07:43:21.028 [scouter.server.http.HttpServer]  INFO  org.eclipse.jetty.server.session[364] - DefaultSessionIdManager workerName=node0
 07:43:21.028 [scouter.server.http.HttpServer]  INFO  org.eclipse.jetty.server.session[369] - No SessionScavenger set, using defaults
 07:43:21.031 [scouter.server.http.HttpServer]  INFO  org.eclipse.jetty.server.session[149] - Scavenging every 600000ms
 07:43:21.035 [scouter.server.http.HttpServer]  INFO  o.e.j.server.handler.ContextHandler[788] - Started o.e.j.s.ServletContextHandler@19ae7b26{/,null,AVAILABLE}
 08:08:14.239 [scouter.server.http.HttpServer]  INFO  org.eclipse.jetty.util.log[192] - Logging initialized @1613ms to org.eclipse.jetty.util.log.Slf4jLog
 08:08:14.327 [scouter.server.http.HttpServer]  INFO  org.eclipse.jetty.server.Server[372] - jetty-9.4.6.v20170531
 08:08:14.356 [scouter.server.http.HttpServer]  INFO  o.e.j.server.AbstractNCSARequestLog[230] - Opened /opt/SCOUTER/scouter/server/logs/http-request-2024_03_09.log
 08:08:14.375 [scouter.server.http.HttpServer]  INFO  org.eclipse.jetty.server.session[364] - DefaultSessionIdManager workerName=node0
 08:08:14.376 [scouter.server.http.HttpServer]  INFO  org.eclipse.jetty.server.session[369] - No SessionScavenger set, using defaults
 08:08:14.378 [scouter.server.http.HttpServer]  INFO  org.eclipse.jetty.server.session[149] - Scavenging every 660000ms
 08:08:14.382 [scouter.server.http.HttpServer]  INFO  o.e.j.server.handler.ContextHandler[788] - Started o.e.j.s.ServletContextHandler@53906d81{/,null,AVAILABLE}
 08:08:14.395 [scouter.server.http.HttpServer]  INFO  o.e.jetty.server.AbstractConnector[280] - Started ServerConnector@835deea{HTTP/1.1,[http/1.1]}{0.0.0.0:8080}
 08:08:14.395 [scouter.server.http.HttpServer]  INFO  org.eclipse.jetty.server.Server[444] - Started @1773ms
 08:10:40.590 [scouter.server.http.HttpServer]  INFO  org.eclipse.jetty.util.log[192] - Logging initialized @1462ms to org.eclipse.jetty.util.log.Slf4jLog
 08:10:40.695 [scouter.server.http.HttpServer]  INFO  org.eclipse.jetty.server.Server[372] - jetty-9.4.6.v20170531
 08:10:40.723 [scouter.server.http.HttpServer]  INFO  o.e.j.server.AbstractNCSARequestLog[230] - Opened /opt/SCOUTER/scouter/server/logs/http-request-2024_03_09.log
 08:10:40.738 [scouter.server.http.HttpServer]  INFO  org.eclipse.jetty.server.session[364] - DefaultSessionIdManager workerName=node0
 08:10:40.739 [scouter.server.http.HttpServer]  INFO  org.eclipse.jetty.server.session[369] - No SessionScavenger set, using defaults
 08:10:40.741 [scouter.server.http.HttpServer]  INFO  org.eclipse.jetty.server.session[149] - Scavenging every 600000ms
 08:10:40.745 [scouter.server.http.HttpServer]  INFO  o.e.j.server.handler.ContextHandler[788] - Started o.e.j.s.ServletContextHandler@7bf860f4{/,null,AVAILABLE}
 08:10:40.766 [scouter.server.http.HttpServer]  INFO  o.e.jetty.server.AbstractConnector[280] - Started ServerConnector@44872352{HTTP/1.1,[http/1.1]}{0.0.0.0:8080}
 08:10:40.766 [scouter.server.http.HttpServer]  INFO  org.eclipse.jetty.server.Server[444] - Started @1641ms
 08:12:22.911 [scouter.server.http.HttpServer]  INFO  org.eclipse.jetty.util.log[192] - Logging initialized @1466ms to org.eclipse.jetty.util.log.Slf4jLog
 08:12:23.018 [scouter.server.http.HttpServer]  INFO  org.eclipse.jetty.server.Server[372] - jetty-9.4.6.v20170531
 08:12:23.089 [scouter.server.http.HttpServer]  INFO  o.e.j.server.AbstractNCSARequestLog[230] - Opened /opt/SCOUTER/scouter/server/logs/http-request-2024_03_09.log
 08:12:23.104 [scouter.server.http.HttpServer]  INFO  org.eclipse.jetty.server.session[364] - DefaultSessionIdManager workerName=node0
 08:12:23.104 [scouter.server.http.HttpServer]  INFO  org.eclipse.jetty.server.session[369] - No SessionScavenger set, using defaults
 08:12:23.107 [scouter.server.http.HttpServer]  INFO  org.eclipse.jetty.server.session[149] - Scavenging every 600000ms
 08:12:23.111 [scouter.server.http.HttpServer]  INFO  o.e.j.server.handler.ContextHandler[788] - Started o.e.j.s.ServletContextHandler@202d221a{/,null,AVAILABLE}
 08:12:23.123 [scouter.server.http.HttpServer]  INFO  o.e.jetty.server.AbstractConnector[280] - Started ServerConnector@120fc4a6{HTTP/1.1,[http/1.1]}{0.0.0.0:8080}
 08:12:23.123 [scouter.server.http.HttpServer]  INFO  org.eclipse.jetty.server.Server[444] - Started @1681ms
 08:16:35.360 [scouter.server.http.HttpServer]  INFO  org.eclipse.jetty.util.log[192] - Logging initialized @1512ms to org.eclipse.jetty.util.log.Slf4jLog
 08:16:35.449 [scouter.server.http.HttpServer]  INFO  org.eclipse.jetty.server.Server[372] - jetty-9.4.6.v20170531
 08:16:35.481 [scouter.server.http.HttpServer]  INFO  o.e.j.server.AbstractNCSARequestLog[230] - Opened /opt/SCOUTER/scouter/server/logs/http-request-2024_03_09.log
 08:16:35.500 [scouter.server.http.HttpServer]  INFO  org.eclipse.jetty.server.session[364] - DefaultSessionIdManager workerName=node0
 08:16:35.501 [scouter.server.http.HttpServer]  INFO  org.eclipse.jetty.server.session[369] - No SessionScavenger set, using defaults
 08:16:35.504 [scouter.server.http.HttpServer]  INFO  org.eclipse.jetty.server.session[149] - Scavenging every 660000ms
 08:16:35.508 [scouter.server.http.HttpServer]  INFO  o.e.j.server.handler.ContextHandler[788] - Started o.e.j.s.ServletContextHandler@4010cf43{/,null,AVAILABLE}
 08:16:35.523 [scouter.server.http.HttpServer]  INFO  o.e.jetty.server.AbstractConnector[280] - Started ServerConnector@3eb603cc{HTTP/1.1,[http/1.1]}{0.0.0.0:6180}
 08:16:35.523 [scouter.server.http.HttpServer]  INFO  org.eclipse.jetty.server.Server[444] - Started @1678ms
