 08:53:03.468 [scouter.server.http.HttpServer]  INFO  org.eclipse.jetty.util.log[192] - Logging initialized @1388ms to org.eclipse.jetty.util.log.Slf4jLog
 08:53:03.553 [scouter.server.http.HttpServer]  INFO  org.eclipse.jetty.server.Server[372] - jetty-9.4.6.v20170531
 08:53:03.585 [scouter.server.http.HttpServer]  INFO  o.e.j.server.AbstractNCSARequestLog[230] - Opened /opt/SCOUTER/scouter/server/logs/http-request-2024_03_07.log
 08:53:03.603 [scouter.server.http.HttpServer]  INFO  org.eclipse.jetty.server.session[364] - DefaultSessionIdManager workerName=node0
 08:53:03.603 [scouter.server.http.HttpServer]  INFO  org.eclipse.jetty.server.session[369] - No SessionScavenger set, using defaults
 08:53:03.606 [scouter.server.http.HttpServer]  INFO  org.eclipse.jetty.server.session[149] - Scavenging every 660000ms
 08:53:03.610 [scouter.server.http.HttpServer]  INFO  o.e.j.server.handler.ContextHandler[788] - Started o.e.j.s.ServletContextHandler@13d28a09{/,null,AVAILABLE}
 08:53:03.624 [scouter.server.http.HttpServer]  INFO  o.e.jetty.server.AbstractConnector[280] - Started ServerConnector@1c44cc7c{HTTP/1.1,[http/1.1]}{0.0.0.0:6180}
 08:53:03.624 [scouter.server.http.HttpServer]  INFO  org.eclipse.jetty.server.Server[444] - Started @1547ms
 09:18:43.456 [scouter.server.http.HttpServer]  INFO  org.eclipse.jetty.util.log[192] - Logging initialized @1378ms to org.eclipse.jetty.util.log.Slf4jLog
 09:18:43.537 [scouter.server.http.HttpServer]  INFO  org.eclipse.jetty.server.Server[372] - jetty-9.4.6.v20170531
 09:18:43.566 [scouter.server.http.HttpServer]  INFO  o.e.j.server.AbstractNCSARequestLog[230] - Opened /opt/SCOUTER/scouter/server/logs/http-request-2024_03_07.log
 09:18:43.584 [scouter.server.http.HttpServer]  INFO  org.eclipse.jetty.server.session[364] - DefaultSessionIdManager workerName=node0
 09:18:43.585 [scouter.server.http.HttpServer]  INFO  org.eclipse.jetty.server.session[369] - No SessionScavenger set, using defaults
 09:18:43.587 [scouter.server.http.HttpServer]  INFO  org.eclipse.jetty.server.session[149] - Scavenging every 600000ms
 09:18:43.591 [scouter.server.http.HttpServer]  INFO  o.e.j.server.handler.ContextHandler[788] - Started o.e.j.s.ServletContextHandler@102a1053{/,null,AVAILABLE}
 09:18:43.602 [scouter.server.http.HttpServer]  INFO  o.e.jetty.server.AbstractConnector[280] - Started ServerConnector@fb4b5ea{HTTP/1.1,[http/1.1]}{0.0.0.0:6180}
 09:18:43.603 [scouter.server.http.HttpServer]  INFO  org.eclipse.jetty.server.Server[444] - Started @1528ms
 12:52:36.805 [scouter.server.http.HttpServer]  INFO  org.eclipse.jetty.util.log[192] - Logging initialized @1405ms to org.eclipse.jetty.util.log.Slf4jLog
 12:52:36.891 [scouter.server.http.HttpServer]  INFO  org.eclipse.jetty.server.Server[372] - jetty-9.4.6.v20170531
 12:52:36.916 [scouter.server.http.HttpServer]  INFO  o.e.j.server.AbstractNCSARequestLog[230] - Opened /opt/SCOUTER/scouter/server/logs/http-request-2024_03_07.log
 12:52:36.931 [scouter.server.http.HttpServer]  INFO  org.eclipse.jetty.server.session[364] - DefaultSessionIdManager workerName=node0
 12:52:36.931 [scouter.server.http.HttpServer]  INFO  org.eclipse.jetty.server.session[369] - No SessionScavenger set, using defaults
 12:52:36.934 [scouter.server.http.HttpServer]  INFO  org.eclipse.jetty.server.session[149] - Scavenging every 660000ms
 12:52:36.938 [scouter.server.http.HttpServer]  INFO  o.e.j.server.handler.ContextHandler[788] - Started o.e.j.s.ServletContextHandler@1afef9c4{/,null,AVAILABLE}
 12:52:36.951 [scouter.server.http.HttpServer]  INFO  o.e.jetty.server.AbstractConnector[280] - Started ServerConnector@65039f18{HTTP/1.1,[http/1.1]}{0.0.0.0:6180}
 12:52:36.952 [scouter.server.http.HttpServer]  INFO  org.eclipse.jetty.server.Server[444] - Started @1554ms
